<?xml version="1.0" encoding="UTF-8" ?>
<testsuite tests="3" failures="1" name="TODOControllerTest" time="1.612" errors="0" skipped="0">
  <properties>
[...]
</properties>
  <testcase classname="TODOControllerTest" name="getByIdTest" time="1.526">
    <failure message="Status expected:&lt;200&gt; but was:&lt;404&gt;" type="java.lang.AssertionError">java.lang.AssertionError: Status expected:&lt;200&gt; but was:&lt;404&gt;
	at org.springframework.test.util.AssertionErrors.fail(AssertionErrors.java:60)
	at org.springframework.test.util.AssertionErrors.assertEquals(AssertionErrors.java:89)
	at org.springframework.test.web.servlet.result.StatusResultMatchers$5.match(StatusResultMatchers.java:549)
	at org.springframework.test.web.servlet.MockMvc$1.andExpect(MockMvc.java:141)
	at TODOControllerTest.getByIdTest(TODOControllerTest.java:98)
	at sun.reflect.NativeMethodAccessorImpl.invoke0(Native Method)
	at sun.reflect.NativeMethodAccessorImpl.invoke(NativeMethodAccessorImpl.java:62)
	at sun.reflect.DelegatingMethodAccessorImpl.invoke(DelegatingMethodAccessorImpl.java:43)
	at java.lang.reflect.Method.invoke(Method.java:497)
	at org.junit.runners.model.FrameworkMethod$1.runReflectiveCall(FrameworkMethod.java:47)
	at org.junit.internal.runners.model.ReflectiveCallable.run(ReflectiveCallable.java:12)
	at org.junit.runners.model.FrameworkMethod.invokeExplosively(FrameworkMethod.java:44)
	at org.junit.internal.runners.statements.InvokeMethod.evaluate(InvokeMethod.java:17)
	at org.junit.internal.runners.statements.RunBefores.evaluate(RunBefores.java:26)
	at org.springframework.test.context.junit4.statements.RunBeforeTestMethodCallbacks.evaluate(RunBeforeTestMethodCallbacks.java:74)
	at org.springframework.test.context.junit4.statements.RunAfterTestMethodCallbacks.evaluate(RunAfterTestMethodCallbacks.java:83)
	at org.springframework.test.context.junit4.statements.SpringRepeat.evaluate(SpringRepeat.java:72)
	at org.springframework.test.context.junit4.SpringJUnit4ClassRunner.runChild(SpringJUnit4ClassRunner.java:231)
	at org.springframework.test.context.junit4.SpringJUnit4ClassRunner.runChild(SpringJUnit4ClassRunner.java:88)
	at org.junit.runners.ParentRunner$3.run(ParentRunner.java:238)
	at org.junit.runners.ParentRunner$1.schedule(ParentRunner.java:63)
	at org.junit.runners.ParentRunner.runChildren(ParentRunner.java:236)
	at org.junit.runners.ParentRunner.access$000(ParentRunner.java:53)
	at org.junit.runners.ParentRunner$2.evaluate(ParentRunner.java:229)
	at org.springframework.test.context.junit4.statements.RunBeforeTestClassCallbacks.evaluate(RunBeforeTestClassCallbacks.java:61)
	at org.springframework.test.context.junit4.statements.RunAfterTestClassCallbacks.evaluate(RunAfterTestClassCallbacks.java:71)
	at org.junit.runners.ParentRunner.run(ParentRunner.java:309)
	at org.springframework.test.context.junit4.SpringJUnit4ClassRunner.run(SpringJUnit4ClassRunner.java:174)
	at org.apache.maven.surefire.junit4.JUnit4Provider.execute(JUnit4Provider.java:252)
	at org.apache.maven.surefire.junit4.JUnit4Provider.executeTestSet(JUnit4Provider.java:141)
	at org.apache.maven.surefire.junit4.JUnit4Provider.invoke(JUnit4Provider.java:112)
	at sun.reflect.NativeMethodAccessorImpl.invoke0(Native Method)
	at sun.reflect.NativeMethodAccessorImpl.invoke(NativeMethodAccessorImpl.java:62)
	at sun.reflect.DelegatingMethodAccessorImpl.invoke(DelegatingMethodAccessorImpl.java:43)
	at java.lang.reflect.Method.invoke(Method.java:497)
	at org.apache.maven.surefire.util.ReflectionUtils.invokeMethodWithArray(ReflectionUtils.java:189)
	at org.apache.maven.surefire.booter.ProviderFactory$ProviderProxy.invoke(ProviderFactory.java:165)
	at org.apache.maven.surefire.booter.ProviderFactory.invokeProvider(ProviderFactory.java:85)
	at org.apache.maven.surefire.booter.ForkedBooter.runSuitesInProcess(ForkedBooter.java:115)
	at org.apache.maven.surefire.booter.ForkedBooter.main(ForkedBooter.java:75)
</failure>
    <system-out>Fetching Task with id 1
Task with id 1 not found
</system-out>
    <system-err>Feb 27, 2016 10:13:41 AM org.springframework.web.context.support.GenericWebApplicationContext prepareRefresh
INFO: Refreshing org.springframework.web.context.support.GenericWebApplicationContext@7225790e: startup date [Sat Feb 27 10:13:41 MSK 2016]; root of context hierarchy
Feb 27, 2016 10:13:41 AM org.springframework.beans.factory.support.DefaultListableBeanFactory registerBeanDefinition
INFO: Overriding bean definition for bean &apos;todoService&apos; with a different definition: replacing [Generic bean: class [dev.codder.services.TODOStorageServiceImpl]; scope=singleton; abstract=false; lazyInit=false; autowireMode=0; dependencyCheck=0; autowireCandidate=true; primary=false; factoryBeanName=null; factoryMethodName=null; initMethodName=null; destroyMethodName=null; defined in file [C:\Users\Daniil\IdeaProjects\TODOService\target\classes\dev\codder\services\TODOStorageServiceImpl.class]] with [Root bean: class [null]; scope=; abstract=false; lazyInit=false; autowireMode=3; dependencyCheck=0; autowireCandidate=true; primary=false; factoryBeanName=testConfiguration; factoryMethodName=todoService; initMethodName=null; destroyMethodName=(inferred); defined in dev.codder.configuration.TestConfiguration]
Feb 27, 2016 10:13:42 AM org.springframework.web.servlet.mvc.method.annotation.RequestMappingHandlerMapping register
INFO: Mapped &quot;{[/api],methods=[GET]}&quot; onto public org.springframework.http.ResponseEntity&lt;java.lang.Void&gt; dev.codder.controllers.TODOController.testConnect()
Feb 27, 2016 10:13:42 AM org.springframework.web.servlet.mvc.method.annotation.RequestMappingHandlerMapping register
INFO: Mapped &quot;{[/api/todos/{id}],methods=[PUT]}&quot; onto public org.springframework.http.ResponseEntity&lt;dev.codder.models.TodoModel&gt; dev.codder.controllers.TODOController.updateTask(long,dev.codder.models.TodoModel)
Feb 27, 2016 10:13:42 AM org.springframework.web.servlet.mvc.method.annotation.RequestMappingHandlerMapping register
INFO: Mapped &quot;{[/api/todos],methods=[DELETE]}&quot; onto public org.springframework.http.ResponseEntity&lt;dev.codder.models.TodoModel&gt; dev.codder.controllers.TODOController.deleteAllTasks()
Feb 27, 2016 10:13:42 AM org.springframework.web.servlet.mvc.method.annotation.RequestMappingHandlerMapping register
INFO: Mapped &quot;{[/api/todos/{id}],methods=[GET],produces=[application/json]}&quot; onto public org.springframework.http.ResponseEntity&lt;dev.codder.models.TodoModel&gt; dev.codder.controllers.TODOController.getTask(long)
Feb 27, 2016 10:13:42 AM org.springframework.web.servlet.mvc.method.annotation.RequestMappingHandlerMapping register
INFO: Mapped &quot;{[/api/todos],methods=[POST]}&quot; onto public org.springframework.http.ResponseEntity&lt;dev.codder.models.TodoModel&gt; dev.codder.controllers.TODOController.createTask(dev.codder.models.TodoModel,org.springframework.web.util.UriComponentsBuilder)
Feb 27, 2016 10:13:42 AM org.springframework.web.servlet.mvc.method.annotation.RequestMappingHandlerMapping register
INFO: Mapped &quot;{[/api/todos],methods=[GET]}&quot; onto public org.springframework.http.ResponseEntity&lt;java.util.List&lt;dev.codder.models.TodoModel&gt;&gt; dev.codder.controllers.TODOController.listAllTasks()
Feb 27, 2016 10:13:42 AM org.springframework.web.servlet.mvc.method.annotation.RequestMappingHandlerMapping register
INFO: Mapped &quot;{[/api/todos/{id}],methods=[DELETE]}&quot; onto public org.springframework.http.ResponseEntity&lt;dev.codder.models.TodoModel&gt; dev.codder.controllers.TODOController.deleteTask(long)
Feb 27, 2016 10:13:42 AM org.springframework.web.servlet.mvc.method.annotation.RequestMappingHandlerMapping register
INFO: Mapped &quot;{[/web/welcome/],methods=[GET]}&quot; onto public org.springframework.web.servlet.ModelAndView dev.codder.controllers.ViewController.test()
Feb 27, 2016 10:13:42 AM org.springframework.web.servlet.handler.SimpleUrlHandlerMapping registerHandler
INFO: Mapped URL path [/resources/**] onto handler of type [class org.springframework.web.servlet.resource.ResourceHttpRequestHandler]
Feb 27, 2016 10:13:42 AM org.springframework.web.servlet.mvc.method.annotation.RequestMappingHandlerAdapter initControllerAdviceCache
INFO: Looking for @ControllerAdvice: org.springframework.web.context.support.GenericWebApplicationContext@7225790e: startup date [Sat Feb 27 10:13:41 MSK 2016]; root of context hierarchy
Feb 27, 2016 10:13:42 AM org.springframework.mock.web.MockServletContext log
INFO: Initializing Spring FrameworkServlet &apos;&apos;
Feb 27, 2016 10:13:42 AM org.springframework.test.web.servlet.TestDispatcherServlet initServletBean
INFO: FrameworkServlet &apos;&apos;: initialization started
Feb 27, 2016 10:13:42 AM org.springframework.test.web.servlet.TestDispatcherServlet initServletBean
INFO: FrameworkServlet &apos;&apos;: initialization completed in 21 ms
</system-err>
  </testcase>
  <testcase classname="TODOControllerTest" name="taskNotFound" time="0.006"/>
  <testcase classname="TODOControllerTest" name="getAllTest" time="0.08"/>
</testsuite>